
> dsx-framework@1.0.0 build-storybook
> storybook build --output-dir=C:\Users\MINJEO~1\AppData\Local\Temp\chromatic--31372-FpGZWs4Ktsx3

[1m@storybook/core v8.6.0
[22m
info => Cleaning outputDir: [36m..\..\MINJEO~1\AppData\Local\Temp\chromatic--31372-FpGZWs4Ktsx3[39m
info => Loading presets
info Found existing addon "@storybook/addon-docs", skipping.
info Found existing addon "@storybook/addon-docs", skipping.
info => Building manager..
info => Manager built ([38;2;181;126;229m6.81 s[39m)
info => Building preview..
[36mvite v6.2.0 [32mbuilding for production...[36m[39m
transforming...
[32m✓[39m 119 modules transformed.
rendering chunks...
computing gzip size...
[2m../../MINJEO~1/AppData/Local/Temp/chromatic--31372-FpGZWs4Ktsx3/[22m[32massets/context-C0qIqeS4.png               [39m[1m[2m  6.12 kB[22m[1m[22m
[2m../../MINJEO~1/AppData/Local/Temp/chromatic--31372-FpGZWs4Ktsx3/[22m[32massets/styling-Bk6zjRzU.png               [39m[1m[2m  7.24 kB[22m[1m[22m
[2m../../MINJEO~1/AppData/Local/Temp/chromatic--31372-FpGZWs4Ktsx3/[22m[32miframe.html                               [39m[1m[2m 17.79 kB[22m[1m[22m[2m │ gzip:   5.00 kB[22m
[2m../../MINJEO~1/AppData/Local/Temp/chromatic--31372-FpGZWs4Ktsx3/[22m[32massets/docs---vsFbMi.png                  [39m[1m[2m 27.88 kB[22m[1m[22m
[2m../../MINJEO~1/AppData/Local/Temp/chromatic--31372-FpGZWs4Ktsx3/[22m[32massets/share-DGA-UcQf.png                 [39m[1m[2m 40.77 kB[22m[1m[22m
[2m../../MINJEO~1/AppData/Local/Temp/chromatic--31372-FpGZWs4Ktsx3/[22m[32massets/accessibility-W_h2acOZ.png         [39m[1m[2m 42.34 kB[22m[1m[22m
[2m../../MINJEO~1/AppData/Local/Temp/chromatic--31372-FpGZWs4Ktsx3/[22m[32massets/figma-plugin-CH2hELiO.png          [39m[1m[2m 44.25 kB[22m[1m[22m
[2m../../MINJEO~1/AppData/Local/Temp/chromatic--31372-FpGZWs4Ktsx3/[22m[32massets/theming-D6WJLNoW.png               [39m[1m[2m 44.37 kB[22m[1m[22m
[2m../../MINJEO~1/AppData/Local/Temp/chromatic--31372-FpGZWs4Ktsx3/[22m[32massets/testing-cbzR9l9r.png               [39m[1m[2m 49.31 kB[22m[1m[22m
[2m../../MINJEO~1/AppData/Local/Temp/chromatic--31372-FpGZWs4Ktsx3/[22m[32massets/addon-library-BWUCAmyN.png         [39m[1m[2m467.37 kB[22m[1m[22m
[2m../../MINJEO~1/AppData/Local/Temp/chromatic--31372-FpGZWs4Ktsx3/[22m[36massets/preview-CvbIS5ZJ.js                [39m[1m[2m  0.18 kB[22m[1m[22m[2m │ gzip:   0.16 kB[22m
[2m../../MINJEO~1/AppData/Local/Temp/chromatic--31372-FpGZWs4Ktsx3/[22m[36massets/preview-iEab2Jz3.js                [39m[1m[2m  0.22 kB[22m[1m[22m[2m │ gzip:   0.20 kB[22m
[2m../../MINJEO~1/AppData/Local/Temp/chromatic--31372-FpGZWs4Ktsx3/[22m[36massets/preview-CcHP7psI.js                [39m[1m[2m  0.25 kB[22m[1m[22m[2m │ gzip:   0.22 kB[22m
[2m../../MINJEO~1/AppData/Local/Temp/chromatic--31372-FpGZWs4Ktsx3/[22m[36massets/index-CgvmlVBq.js                  [39m[1m[2m  0.54 kB[22m[1m[22m[2m │ gzip:   0.34 kB[22m
[2m../../MINJEO~1/AppData/Local/Temp/chromatic--31372-FpGZWs4Ktsx3/[22m[36massets/preview-D0EZY8wU.js                [39m[1m[2m  0.85 kB[22m[1m[22m[2m │ gzip:   0.57 kB[22m
[2m../../MINJEO~1/AppData/Local/Temp/chromatic--31372-FpGZWs4Ktsx3/[22m[36massets/index-B7qynYb3.js                  [39m[1m[2m  0.86 kB[22m[1m[22m[2m │ gzip:   0.53 kB[22m
[2m../../MINJEO~1/AppData/Local/Temp/chromatic--31372-FpGZWs4Ktsx3/[22m[36massets/chunk-XP5HYGXS-BVIGjP1V.js         [39m[1m[2m  0.89 kB[22m[1m[22m[2m │ gzip:   0.49 kB[22m
[2m../../MINJEO~1/AppData/Local/Temp/chromatic--31372-FpGZWs4Ktsx3/[22m[36massets/preview-ChNnzprr.js                [39m[1m[2m  1.01 kB[22m[1m[22m[2m │ gzip:   0.61 kB[22m
[2m../../MINJEO~1/AppData/Local/Temp/chromatic--31372-FpGZWs4Ktsx3/[22m[36massets/Button.stories-h3Y8ZGLX.js         [39m[1m[2m  1.08 kB[22m[1m[22m[2m │ gzip:   0.62 kB[22m
[2m../../MINJEO~1/AppData/Local/Temp/chromatic--31372-FpGZWs4Ktsx3/[22m[36massets/DocsRenderer-CFRXHY34-CuMSNekl.js  [39m[1m[2m  1.41 kB[22m[1m[22m[2m │ gzip:   0.78 kB[22m
[2m../../MINJEO~1/AppData/Local/Temp/chromatic--31372-FpGZWs4Ktsx3/[22m[36massets/preview-DbY0TRG4.js                [39m[1m[2m  3.85 kB[22m[1m[22m[2m │ gzip:   1.87 kB[22m
[2m../../MINJEO~1/AppData/Local/Temp/chromatic--31372-FpGZWs4Ktsx3/[22m[36massets/index-C13Fvf1j.js                  [39m[1m[2m  4.15 kB[22m[1m[22m[2m │ gzip:   1.65 kB[22m
[2m../../MINJEO~1/AppData/Local/Temp/chromatic--31372-FpGZWs4Ktsx3/[22m[36massets/preview-CfZ40szE.js                [39m[1m[2m  5.34 kB[22m[1m[22m[2m │ gzip:   2.00 kB[22m
[2m../../MINJEO~1/AppData/Local/Temp/chromatic--31372-FpGZWs4Ktsx3/[22m[36massets/preview-Bcr8dysO.js                [39m[1m[2m  7.79 kB[22m[1m[22m[2m │ gzip:   1.66 kB[22m
[2m../../MINJEO~1/AppData/Local/Temp/chromatic--31372-FpGZWs4Ktsx3/[22m[36massets/index-DQ4_2rhH.js                  [39m[1m[2m  8.50 kB[22m[1m[22m[2m │ gzip:   3.31 kB[22m
[2m../../MINJEO~1/AppData/Local/Temp/chromatic--31372-FpGZWs4Ktsx3/[22m[36massets/preview-9XnVxXjO.js                [39m[1m[2m  9.02 kB[22m[1m[22m[2m │ gzip:   3.50 kB[22m
[2m../../MINJEO~1/AppData/Local/Temp/chromatic--31372-FpGZWs4Ktsx3/[22m[36massets/Configure-C0Vtd5xy.js              [39m[1m[2m 25.94 kB[22m[1m[22m[2m │ gzip:  11.08 kB[22m
[2m../../MINJEO~1/AppData/Local/Temp/chromatic--31372-FpGZWs4Ktsx3/[22m[36massets/Color-YHDXOIA2-CfIS3Lb_.js         [39m[1m[2m 30.10 kB[22m[1m[22m[2m │ gzip:  11.37 kB[22m
[2m../../MINJEO~1/AppData/Local/Temp/chromatic--31372-FpGZWs4Ktsx3/[22m[36massets/entry-preview-DzDaIXb3.js          [39m[1m[2m 31.22 kB[22m[1m[22m[2m │ gzip:  10.27 kB[22m
[2m../../MINJEO~1/AppData/Local/Temp/chromatic--31372-FpGZWs4Ktsx3/[22m[36massets/index-CsPkKTTj.js                  [39m[1m[2m 59.35 kB[22m[1m[22m[2m │ gzip:  16.87 kB[22m
[2m../../MINJEO~1/AppData/Local/Temp/chromatic--31372-FpGZWs4Ktsx3/[22m[36massets/react-18-CJnMwyGJ.js               [39m[1m[2m189.18 kB[22m[1m[22m[2m │ gzip:  61.24 kB[22m
[2m../../MINJEO~1/AppData/Local/Temp/chromatic--31372-FpGZWs4Ktsx3/[22m[36massets/iframe-B-4ne15k.js                 [39m[1m[2m215.19 kB[22m[1m[22m[2m │ gzip:  74.24 kB[22m
[2m../../MINJEO~1/AppData/Local/Temp/chromatic--31372-FpGZWs4Ktsx3/[22m[36massets/entry-preview-docs-p8rM0gsX.js     [39m[1m[2m254.11 kB[22m[1m[22m[2m │ gzip:  76.63 kB[22m
[2m../../MINJEO~1/AppData/Local/Temp/chromatic--31372-FpGZWs4Ktsx3/[22m[36massets/index-BnI-2hns.js                  [39m[1m[33m703.56 kB[39m[22m[2m │ gzip: 170.44 kB[22m
[2m../../MINJEO~1/AppData/Local/Temp/chromatic--31372-FpGZWs4Ktsx3/[22m[36massets/index-GNbPz5L5.js                  [39m[1m[33m891.86 kB[39m[22m[2m │ gzip: 281.76 kB[22m
[32m✓ built in 19.36s[39m
info => Preview built ([38;2;181;126;229m27 s[39m)
info => Output directory: C:\Users\MINJEO~1\AppData\Local\Temp\chromatic--31372-FpGZWs4Ktsx3
